11-04 17:51:17 com_github_MitjaNemec_PlaceFootprints.action_place_footprints 647:Plugin executed on: 'win32'
11-04 17:51:17 com_github_MitjaNemec_PlaceFootprints.action_place_footprints 648:Plugin executed with python version: '3.11.5 (main, Aug 14 2024, 05:26:19) [MSC v.1939 64 bit (AMD64)]'
11-04 17:51:17 com_github_MitjaNemec_PlaceFootprints.action_place_footprints 649:KiCad build version: 8.0.5
11-04 17:51:17 com_github_MitjaNemec_PlaceFootprints.action_place_footprints 650:Plugin version: 3.0.0
11-04 17:51:17 com_github_MitjaNemec_PlaceFootprints.action_place_footprints 651:Frame repr: <wx._core.Frame object at 0x0000022BF48FECB0>
11-04 17:51:17 com_github_MitjaNemec_PlaceFootprints.place_footprints 121:getting a list of all footprints on board
11-04 17:51:17 com_github_MitjaNemec_PlaceFootprints.place_footprints 156:Footprint U3 on root level
11-04 17:51:17 com_github_MitjaNemec_PlaceFootprints.place_footprints 156:Footprint U2 on root level
11-04 17:51:17 com_github_MitjaNemec_PlaceFootprints.place_footprints 156:Footprint U1 on root level
11-04 17:51:17 com_github_MitjaNemec_PlaceFootprints.place_footprints 156:Footprint R2 on root level
11-04 17:51:17 com_github_MitjaNemec_PlaceFootprints.place_footprints 156:Footprint R1 on root level
11-04 17:51:17 com_github_MitjaNemec_PlaceFootprints.place_footprints 156:Footprint J11 on root level
11-04 17:51:17 com_github_MitjaNemec_PlaceFootprints.place_footprints 156:Footprint J9 on root level
11-04 17:51:17 com_github_MitjaNemec_PlaceFootprints.place_footprints 156:Footprint J8 on root level
11-04 17:51:17 com_github_MitjaNemec_PlaceFootprints.place_footprints 156:Footprint J7 on root level
11-04 17:51:17 com_github_MitjaNemec_PlaceFootprints.place_footprints 156:Footprint J6 on root level
11-04 17:51:17 com_github_MitjaNemec_PlaceFootprints.place_footprints 156:Footprint J5 on root level
11-04 17:51:17 com_github_MitjaNemec_PlaceFootprints.place_footprints 156:Footprint J4 on root level
11-04 17:51:17 com_github_MitjaNemec_PlaceFootprints.place_footprints 156:Footprint J2 on root level
11-04 17:51:17 com_github_MitjaNemec_PlaceFootprints.place_footprints 156:Footprint J1 on root level
11-04 17:51:17 com_github_MitjaNemec_PlaceFootprints.place_footprints 156:Footprint C2 on root level
11-04 17:51:18 com_github_MitjaNemec_PlaceFootprints.action_place_footprints 830:Reference designator is: J
11-04 17:51:18 com_github_MitjaNemec_PlaceFootprints.action_place_footprints 831:Reference number is: 9
11-04 17:51:18 com_github_MitjaNemec_PlaceFootprints.action_place_footprints 863:Sorted and filtered list:
['J4', 'J5', 'J6', 'J7', 'J8', 'J9']
11-04 17:51:18 com_github_MitjaNemec_PlaceFootprints.action_place_footprints 359:wx.Colour(240, 240, 240, 255)
11-04 17:51:26 com_github_MitjaNemec_PlaceFootprints.action_place_footprints 490:'0'
11-04 17:51:26 com_github_MitjaNemec_PlaceFootprints.action_place_footprints 536:Preparing config for reference linear
11-04 17:51:26 com_github_MitjaNemec_PlaceFootprints.action_place_footprints 556:Saving config file
11-04 17:51:26 com_github_MitjaNemec_PlaceFootprints.action_place_footprints 558:Saved the config file
11-04 17:51:26 com_github_MitjaNemec_PlaceFootprints.action_place_footprints 901:Footprints to place:
['J8', 'J9']
11-04 17:51:26 com_github_MitjaNemec_PlaceFootprints.place_footprints 367:Starting placing with linear layout
11-04 17:51:26 com_github_MitjaNemec_PlaceFootprints.action_place_footprints 942:Placing complete
